2025-07-01T23:49:07.676Z  INFO 8 --- [main] .p.i.d.DadoseconomicossociaisApplication : Starting DadoseconomicossociaisApplication v0.0.1-SNAPSHOT using Java 26-ea with PID 8 (/app/api.jar started by root in /app)
2025-07-01T23:49:07.679Z  INFO 8 --- [main] .p.i.d.DadoseconomicossociaisApplication : The following 1 profile is active: "prod"
2025-07-01T23:49:08.429Z  INFO 8 --- [main] .s.d.r.c.RepositoryConfigurationDelegate : Multiple Spring Data modules found, entering strict repository configuration mode
2025-07-01T23:49:08.481Z  INFO 8 --- [main] .s.d.r.c.RepositoryConfigurationDelegate : Bootstrapping Spring Data JDBC repositories in DEFAULT mode.
2025-07-01T23:49:08.520Z  INFO 8 --- [main] .RepositoryConfigurationExtensionSupport : Spring Data JDBC - Could not safely identify store assignment for repository candidate interface br.gov.pa.ideflorbio.dadoseconomicossociais.domain.repository.AguaRepository; If you want this repository to be a JDBC repository, consider annotating your entities with one of these annotations: org.springframework.data.relational.core.mapping.Table.
2025-07-01T23:49:08.522Z  INFO 8 --- [main] .RepositoryConfigurationExtensionSupport : Spring Data JDBC - Could not safely identify store assignment for repository candidate interface br.gov.pa.ideflorbio.dadoseconomicossociais.domain.repository.AtividadesProdutivasRepository; If you want this repository to be a JDBC repository, consider annotating your entities with one of these annotations: org.springframework.data.relational.core.mapping.Table.
2025-07-01T23:49:08.529Z  INFO 8 --- [main] .RepositoryConfigurationExtensionSupport : Spring Data JDBC - Could not safely identify store assignment for repository candidate interface br.gov.pa.ideflorbio.dadoseconomicossociais.domain.repository.BenfeitoriasRepository; If you want this repository to be a JDBC repository, consider annotating your entities with one of these annotations: org.springframework.data.relational.core.mapping.Table.
2025-07-01T23:49:08.530Z  INFO 8 --- [main] .RepositoryConfigurationExtensionSupport : Spring Data JDBC - Could not safely identify store assignment for repository candidate interface br.gov.pa.ideflorbio.dadoseconomicossociais.domain.repository.CoordenadasRepository; If you want this repository to be a JDBC repository, consider annotating your entities with one of these annotations: org.springframework.data.relational.core.mapping.Table.
2025-07-01T23:49:08.532Z  INFO 8 --- [main] .RepositoryConfigurationExtensionSupport : Spring Data JDBC - Could not safely identify store assignment for repository candidate interface br.gov.pa.ideflorbio.dadoseconomicossociais.domain.repository.CreditosRepository; If you want this repository to be a JDBC repository, consider annotating your entities with one of these annotations: org.springframework.data.relational.core.mapping.Table.
2025-07-01T23:49:08.534Z  INFO 8 --- [main] .RepositoryConfigurationExtensionSupport : Spring Data JDBC - Could not safely identify store assignment for repository candidate interface br.gov.pa.ideflorbio.dadoseconomicossociais.domain.repository.EntrevistadosRepository; If you want this repository to be a JDBC repository, consider annotating your entities with one of these annotations: org.springframework.data.relational.core.mapping.Table.
2025-07-01T23:49:08.535Z  INFO 8 --- [main] .RepositoryConfigurationExtensionSupport : Spring Data JDBC - Could not safely identify store assignment for repository candidate interface br.gov.pa.ideflorbio.dadoseconomicossociais.domain.repository.EscolasRepository; If you want this repository to be a JDBC repository, consider annotating your entities with one of these annotations: org.springframework.data.relational.core.mapping.Table.
2025-07-01T23:49:08.536Z  INFO 8 --- [main] .RepositoryConfigurationExtensionSupport : Spring Data JDBC - Could not safely identify store assignment for repository candidate interface br.gov.pa.ideflorbio.dadoseconomicossociais.domain.repository.GruposRepository; If you want this repository to be a JDBC repository, consider annotating your entities with one of these annotations: org.springframework.data.relational.core.mapping.Table.
2025-07-01T23:49:08.538Z  INFO 8 --- [main] .RepositoryConfigurationExtensionSupport : Spring Data JDBC - Could not safely identify store assignment for repository candidate interface br.gov.pa.ideflorbio.dadoseconomicossociais.domain.repository.ImoveisRepository; If you want this repository to be a JDBC repository, consider annotating your entities with one of these annotations: org.springframework.data.relational.core.mapping.Table.
2025-07-01T23:49:08.539Z  INFO 8 --- [main] .RepositoryConfigurationExtensionSupport : Spring Data JDBC - Could not safely identify store assignment for repository candidate interface br.gov.pa.ideflorbio.dadoseconomicossociais.domain.repository.LocalidadesRepository; If you want this repository to be a JDBC repository, consider annotating your entities with one of these annotations: org.springframework.data.relational.core.mapping.Table.
2025-07-01T23:49:08.541Z  INFO 8 --- [main] .RepositoryConfigurationExtensionSupport : Spring Data JDBC - Could not safely identify store assignment for repository candidate interface br.gov.pa.ideflorbio.dadoseconomicossociais.domain.repository.MoradoresRepository; If you want this repository to be a JDBC repository, consider annotating your entities with one of these annotations: org.springframework.data.relational.core.mapping.Table.
2025-07-01T23:49:08.542Z  INFO 8 --- [main] .RepositoryConfigurationExtensionSupport : Spring Data JDBC - Could not safely identify store assignment for repository candidate interface br.gov.pa.ideflorbio.dadoseconomicossociais.domain.repository.ParticipacaoInstituicaoRepository; If you want this repository to be a JDBC repository, consider annotating your entities with one of these annotations: org.springframework.data.relational.core.mapping.Table.
2025-07-01T23:49:08.545Z  INFO 8 --- [main] .RepositoryConfigurationExtensionSupport : Spring Data JDBC - Could not safely identify store assignment for repository candidate interface br.gov.pa.ideflorbio.dadoseconomicossociais.domain.repository.PermissoesRepository; If you want this repository to be a JDBC repository, consider annotating your entities with one of these annotations: org.springframework.data.relational.core.mapping.Table.
2025-07-01T23:49:08.546Z  INFO 8 --- [main] .RepositoryConfigurationExtensionSupport : Spring Data JDBC - Could not safely identify store assignment for repository candidate interface br.gov.pa.ideflorbio.dadoseconomicossociais.domain.repository.PostosDeSaudeRepository; If you want this repository to be a JDBC repository, consider annotating your entities with one of these annotations: org.springframework.data.relational.core.mapping.Table.
2025-07-01T23:49:08.548Z  INFO 8 --- [main] .RepositoryConfigurationExtensionSupport : Spring Data JDBC - Could not safely identify store assignment for repository candidate interface br.gov.pa.ideflorbio.dadoseconomicossociais.domain.repository.RendasOutrasFontesRepository; If you want this repository to be a JDBC repository, consider annotating your entities with one of these annotations: org.springframework.data.relational.core.mapping.Table.
2025-07-01T23:49:08.549Z  INFO 8 --- [main] .RepositoryConfigurationExtensionSupport : Spring Data JDBC - Could not safely identify store assignment for repository candidate interface br.gov.pa.ideflorbio.dadoseconomicossociais.domain.repository.ServicosComunicacaoRepository; If you want this repository to be a JDBC repository, consider annotating your entities with one of these annotations: org.springframework.data.relational.core.mapping.Table.
2025-07-01T23:49:08.550Z  INFO 8 --- [main] .RepositoryConfigurationExtensionSupport : Spring Data JDBC - Could not safely identify store assignment for repository candidate interface br.gov.pa.ideflorbio.dadoseconomicossociais.domain.repository.UsuariosRepository; If you want this repository to be a JDBC repository, consider annotating your entities with one of these annotations: org.springframework.data.relational.core.mapping.Table.
2025-07-01T23:49:08.551Z  INFO 8 --- [main] .s.d.r.c.RepositoryConfigurationDelegate : Finished Spring Data repository scanning in 60 ms. Found 0 JDBC repository interfaces.
2025-07-01T23:49:08.562Z  INFO 8 --- [main] .s.d.r.c.RepositoryConfigurationDelegate : Multiple Spring Data modules found, entering strict repository configuration mode
2025-07-01T23:49:08.564Z  INFO 8 --- [main] .s.d.r.c.RepositoryConfigurationDelegate : Bootstrapping Spring Data JPA repositories in DEFAULT mode.
2025-07-01T23:49:08.621Z  INFO 8 --- [main] .s.d.r.c.RepositoryConfigurationDelegate : Finished Spring Data repository scanning in 53 ms. Found 17 JPA repository interfaces.
2025-07-01T23:49:09.358Z  INFO 8 --- [main] o.s.b.w.embedded.tomcat.TomcatWebServer  : Tomcat initialized with port(s): 8080 (http)
2025-07-01T23:49:09.370Z  INFO 8 --- [main] o.apache.catalina.core.StandardService   : Starting service [Tomcat]
2025-07-01T23:49:09.370Z  INFO 8 --- [main] o.apache.catalina.core.StandardEngine    : Starting Servlet engine: [Apache Tomcat/10.1.10]
2025-07-01T23:49:09.447Z  INFO 8 --- [main] o.a.c.c.C.[Tomcat].[localhost].[/]       : Initializing Spring embedded WebApplicationContext
2025-07-01T23:49:09.448Z  INFO 8 --- [main] w.s.c.ServletWebServerApplicationContext : Root WebApplicationContext: initialization completed in 1718 ms
2025-07-01T23:49:09.632Z  INFO 8 --- [main] o.f.c.internal.license.VersionPrinter    : Flyway Community Edition 9.5.1 by Redgate
2025-07-01T23:49:09.633Z  INFO 8 --- [main] o.f.c.internal.license.VersionPrinter    : See what's new here: https://flywaydb.org/documentation/learnmore/releaseNotes#9.5.1
2025-07-01T23:49:09.635Z  INFO 8 --- [main] o.f.c.internal.license.VersionPrinter    : 
2025-07-01T23:49:09.652Z  INFO 8 --- [main] com.zaxxer.hikari.HikariDataSource       : HikariPool-1 - Starting...
2025-07-01T23:49:10.006Z  INFO 8 --- [main] com.zaxxer.hikari.pool.HikariPool        : HikariPool-1 - Added connection com.mysql.cj.jdbc.ConnectionImpl@712ca57b
2025-07-01T23:49:10.010Z  INFO 8 --- [main] com.zaxxer.hikari.HikariDataSource       : HikariPool-1 - Start completed.
2025-07-01T23:49:10.043Z  INFO 8 --- [main] o.f.c.i.database.base.BaseDatabaseType   : Database: jdbc:mysql://db:3306/dadossocioambientais (MySQL 8.0)
2025-07-01T23:49:10.132Z  INFO 8 --- [main] o.f.core.internal.command.DbValidate     : Successfully validated 5 migrations (execution time 00:00.032s)
2025-07-01T23:49:10.166Z  INFO 8 --- [main] o.f.c.i.s.JdbcTableSchemaHistory         : Creating Schema History table `dadossocioambientais`.`flyway_schema_history` ...
2025-07-01T23:49:10.308Z  INFO 8 --- [main] o.f.core.internal.command.DbMigrate      : Current version of schema `dadossocioambientais`: << Empty Schema >>
2025-07-01T23:49:10.329Z  INFO 8 --- [main] o.f.core.internal.command.DbMigrate      : Migrating schema `dadossocioambientais` to version "001 - todas as tabelas"
2025-07-01T23:49:10.365Z  WARN 8 --- [main] o.f.c.i.s.DefaultSqlScriptExecutor       : DB: Integer display width is deprecated and will be removed in a future release. (SQL State: HY000 - Error Code: 1681)
2025-07-01T23:49:10.367Z  WARN 8 --- [main] o.f.c.i.s.DefaultSqlScriptExecutor       : DB: 'utf8mb3' is deprecated and will be removed in a future release. Please use utf8mb4 instead (SQL State: HY000 - Error Code: 1287)
2025-07-01T23:49:10.393Z  WARN 8 --- [main] o.f.c.i.s.DefaultSqlScriptExecutor       : DB: Integer display width is deprecated and will be removed in a future release. (SQL State: HY000 - Error Code: 1681)
2025-07-01T23:49:10.394Z  WARN 8 --- [main] o.f.c.i.s.DefaultSqlScriptExecutor       : DB: Integer display width is deprecated and will be removed in a future release. (SQL State: HY000 - Error Code: 1681)
2025-07-01T23:49:10.395Z  WARN 8 --- [main] o.f.c.i.s.DefaultSqlScriptExecutor       : DB: 'utf8mb3' is deprecated and will be removed in a future release. Please use utf8mb4 instead (SQL State: HY000 - Error Code: 1287)
2025-07-01T23:49:10.419Z  WARN 8 --- [main] o.f.c.i.s.DefaultSqlScriptExecutor       : DB: Integer display width is deprecated and will be removed in a future release. (SQL State: HY000 - Error Code: 1681)
2025-07-01T23:49:10.421Z  WARN 8 --- [main] o.f.c.i.s.DefaultSqlScriptExecutor       : DB: Integer display width is deprecated and will be removed in a future release. (SQL State: HY000 - Error Code: 1681)
2025-07-01T23:49:10.422Z  WARN 8 --- [main] o.f.c.i.s.DefaultSqlScriptExecutor       : DB: Integer display width is deprecated and will be removed in a future release. (SQL State: HY000 - Error Code: 1681)
2025-07-01T23:49:10.423Z  WARN 8 --- [main] o.f.c.i.s.DefaultSqlScriptExecutor       : DB: 'utf8mb3' is deprecated and will be removed in a future release. Please use utf8mb4 instead (SQL State: HY000 - Error Code: 1287)
2025-07-01T23:49:10.442Z  WARN 8 --- [main] o.f.c.i.s.DefaultSqlScriptExecutor       : DB: Integer display width is deprecated and will be removed in a future release. (SQL State: HY000 - Error Code: 1681)
2025-07-01T23:49:10.443Z  WARN 8 --- [main] o.f.c.i.s.DefaultSqlScriptExecutor       : DB: Integer display width is deprecated and will be removed in a future release. (SQL State: HY000 - Error Code: 1681)
2025-07-01T23:49:10.444Z  WARN 8 --- [main] o.f.c.i.s.DefaultSqlScriptExecutor       : DB: 'utf8mb3' is deprecated and will be removed in a future release. Please use utf8mb4 instead (SQL State: HY000 - Error Code: 1287)
2025-07-01T23:49:10.465Z  WARN 8 --- [main] o.f.c.i.s.DefaultSqlScriptExecutor       : DB: Integer display width is deprecated and will be removed in a future release. (SQL State: HY000 - Error Code: 1681)
2025-07-01T23:49:10.467Z  WARN 8 --- [main] o.f.c.i.s.DefaultSqlScriptExecutor       : DB: Integer display width is deprecated and will be removed in a future release. (SQL State: HY000 - Error Code: 1681)
2025-07-01T23:49:10.468Z  WARN 8 --- [main] o.f.c.i.s.DefaultSqlScriptExecutor       : DB: 'utf8mb3' is deprecated and will be removed in a future release. Please use utf8mb4 instead (SQL State: HY000 - Error Code: 1287)
2025-07-01T23:49:10.493Z  WARN 8 --- [main] o.f.c.i.s.DefaultSqlScriptExecutor       : DB: Integer display width is deprecated and will be removed in a future release. (SQL State: HY000 - Error Code: 1681)
2025-07-01T23:49:10.494Z  WARN 8 --- [main] o.f.c.i.s.DefaultSqlScriptExecutor       : DB: 'utf8mb3' is deprecated and will be removed in a future release. Please use utf8mb4 instead (SQL State: HY000 - Error Code: 1287)
2025-07-01T23:49:10.514Z  WARN 8 --- [main] o.f.c.i.s.DefaultSqlScriptExecutor       : DB: Integer display width is deprecated and will be removed in a future release. (SQL State: HY000 - Error Code: 1681)
2025-07-01T23:49:10.517Z  WARN 8 --- [main] o.f.c.i.s.DefaultSqlScriptExecutor       : DB: 'utf8mb3' is deprecated and will be removed in a future release. Please use utf8mb4 instead (SQL State: HY000 - Error Code: 1287)
2025-07-01T23:49:10.540Z  WARN 8 --- [main] o.f.c.i.s.DefaultSqlScriptExecutor       : DB: Integer display width is deprecated and will be removed in a future release. (SQL State: HY000 - Error Code: 1681)
2025-07-01T23:49:10.541Z  WARN 8 --- [main] o.f.c.i.s.DefaultSqlScriptExecutor       : DB: Integer display width is deprecated and will be removed in a future release. (SQL State: HY000 - Error Code: 1681)
2025-07-01T23:49:10.541Z  WARN 8 --- [main] o.f.c.i.s.DefaultSqlScriptExecutor       : DB: 'utf8mb3' is deprecated and will be removed in a future release. Please use utf8mb4 instead (SQL State: HY000 - Error Code: 1287)
2025-07-01T23:49:10.569Z  WARN 8 --- [main] o.f.c.i.s.DefaultSqlScriptExecutor       : DB: Integer display width is deprecated and will be removed in a future release. (SQL State: HY000 - Error Code: 1681)
2025-07-01T23:49:10.570Z  WARN 8 --- [main] o.f.c.i.s.DefaultSqlScriptExecutor       : DB: Integer display width is deprecated and will be removed in a future release. (SQL State: HY000 - Error Code: 1681)
2025-07-01T23:49:10.571Z  WARN 8 --- [main] o.f.c.i.s.DefaultSqlScriptExecutor       : DB: Integer display width is deprecated and will be removed in a future release. (SQL State: HY000 - Error Code: 1681)
2025-07-01T23:49:10.572Z  WARN 8 --- [main] o.f.c.i.s.DefaultSqlScriptExecutor       : DB: Integer display width is deprecated and will be removed in a future release. (SQL State: HY000 - Error Code: 1681)
2025-07-01T23:49:10.573Z  WARN 8 --- [main] o.f.c.i.s.DefaultSqlScriptExecutor       : DB: 'utf8mb3' is deprecated and will be removed in a future release. Please use utf8mb4 instead (SQL State: HY000 - Error Code: 1287)
2025-07-01T23:49:10.595Z  WARN 8 --- [main] o.f.c.i.s.DefaultSqlScriptExecutor       : DB: Integer display width is deprecated and will be removed in a future release. (SQL State: HY000 - Error Code: 1681)
2025-07-01T23:49:10.596Z  WARN 8 --- [main] o.f.c.i.s.DefaultSqlScriptExecutor       : DB: Integer display width is deprecated and will be removed in a future release. (SQL State: HY000 - Error Code: 1681)
2025-07-01T23:49:10.597Z  WARN 8 --- [main] o.f.c.i.s.DefaultSqlScriptExecutor       : DB: 'utf8mb3' is deprecated and will be removed in a future release. Please use utf8mb4 instead (SQL State: HY000 - Error Code: 1287)
2025-07-01T23:49:10.621Z  WARN 8 --- [main] o.f.c.i.s.DefaultSqlScriptExecutor       : DB: Integer display width is deprecated and will be removed in a future release. (SQL State: HY000 - Error Code: 1681)
2025-07-01T23:49:10.623Z  WARN 8 --- [main] o.f.c.i.s.DefaultSqlScriptExecutor       : DB: Integer display width is deprecated and will be removed in a future release. (SQL State: HY000 - Error Code: 1681)
2025-07-01T23:49:10.652Z  WARN 8 --- [main] o.f.c.i.s.DefaultSqlScriptExecutor       : DB: Integer display width is deprecated and will be removed in a future release. (SQL State: HY000 - Error Code: 1681)
2025-07-01T23:49:10.653Z  WARN 8 --- [main] o.f.c.i.s.DefaultSqlScriptExecutor       : DB: Integer display width is deprecated and will be removed in a future release. (SQL State: HY000 - Error Code: 1681)
2025-07-01T23:49:10.654Z  WARN 8 --- [main] o.f.c.i.s.DefaultSqlScriptExecutor       : DB: 'utf8mb3' is deprecated and will be removed in a future release. Please use utf8mb4 instead (SQL State: HY000 - Error Code: 1287)
2025-07-01T23:49:10.680Z  WARN 8 --- [main] o.f.c.i.s.DefaultSqlScriptExecutor       : DB: Integer display width is deprecated and will be removed in a future release. (SQL State: HY000 - Error Code: 1681)
2025-07-01T23:49:10.681Z  WARN 8 --- [main] o.f.c.i.s.DefaultSqlScriptExecutor       : DB: Integer display width is deprecated and will be removed in a future release. (SQL State: HY000 - Error Code: 1681)
2025-07-01T23:49:10.682Z  WARN 8 --- [main] o.f.c.i.s.DefaultSqlScriptExecutor       : DB: 'utf8mb3' is deprecated and will be removed in a future release. Please use utf8mb4 instead (SQL State: HY000 - Error Code: 1287)
2025-07-01T23:49:10.714Z  WARN 8 --- [main] o.f.c.i.s.DefaultSqlScriptExecutor       : DB: Integer display width is deprecated and will be removed in a future release. (SQL State: HY000 - Error Code: 1681)
2025-07-01T23:49:10.715Z  WARN 8 --- [main] o.f.c.i.s.DefaultSqlScriptExecutor       : DB: Integer display width is deprecated and will be removed in a future release. (SQL State: HY000 - Error Code: 1681)
2025-07-01T23:49:10.716Z  WARN 8 --- [main] o.f.c.i.s.DefaultSqlScriptExecutor       : DB: 'utf8mb3' is deprecated and will be removed in a future release. Please use utf8mb4 instead (SQL State: HY000 - Error Code: 1287)
2025-07-01T23:49:10.745Z  WARN 8 --- [main] o.f.c.i.s.DefaultSqlScriptExecutor       : DB: Integer display width is deprecated and will be removed in a future release. (SQL State: HY000 - Error Code: 1681)
2025-07-01T23:49:10.746Z  WARN 8 --- [main] o.f.c.i.s.DefaultSqlScriptExecutor       : DB: Integer display width is deprecated and will be removed in a future release. (SQL State: HY000 - Error Code: 1681)
2025-07-01T23:49:10.746Z  WARN 8 --- [main] o.f.c.i.s.DefaultSqlScriptExecutor       : DB: 'utf8mb3' is deprecated and will be removed in a future release. Please use utf8mb4 instead (SQL State: HY000 - Error Code: 1287)
2025-07-01T23:49:10.768Z  WARN 8 --- [main] o.f.c.i.s.DefaultSqlScriptExecutor       : DB: Integer display width is deprecated and will be removed in a future release. (SQL State: HY000 - Error Code: 1681)
2025-07-01T23:49:10.770Z  WARN 8 --- [main] o.f.c.i.s.DefaultSqlScriptExecutor       : DB: Integer display width is deprecated and will be removed in a future release. (SQL State: HY000 - Error Code: 1681)
2025-07-01T23:49:10.770Z  WARN 8 --- [main] o.f.c.i.s.DefaultSqlScriptExecutor       : DB: Integer display width is deprecated and will be removed in a future release. (SQL State: HY000 - Error Code: 1681)
2025-07-01T23:49:10.771Z  WARN 8 --- [main] o.f.c.i.s.DefaultSqlScriptExecutor       : DB: 'utf8mb3' is deprecated and will be removed in a future release. Please use utf8mb4 instead (SQL State: HY000 - Error Code: 1287)
2025-07-01T23:49:10.794Z  WARN 8 --- [main] o.f.c.i.s.DefaultSqlScriptExecutor       : DB: Integer display width is deprecated and will be removed in a future release. (SQL State: HY000 - Error Code: 1681)
2025-07-01T23:49:10.795Z  WARN 8 --- [main] o.f.c.i.s.DefaultSqlScriptExecutor       : DB: Integer display width is deprecated and will be removed in a future release. (SQL State: HY000 - Error Code: 1681)
2025-07-01T23:49:10.796Z  WARN 8 --- [main] o.f.c.i.s.DefaultSqlScriptExecutor       : DB: Integer display width is deprecated and will be removed in a future release. (SQL State: HY000 - Error Code: 1681)
2025-07-01T23:49:10.797Z  WARN 8 --- [main] o.f.c.i.s.DefaultSqlScriptExecutor       : DB: 'utf8mb3' is deprecated and will be removed in a future release. Please use utf8mb4 instead (SQL State: HY000 - Error Code: 1287)
2025-07-01T23:49:10.817Z  WARN 8 --- [main] o.f.c.i.s.DefaultSqlScriptExecutor       : DB: Integer display width is deprecated and will be removed in a future release. (SQL State: HY000 - Error Code: 1681)
2025-07-01T23:49:10.818Z  WARN 8 --- [main] o.f.c.i.s.DefaultSqlScriptExecutor       : DB: Integer display width is deprecated and will be removed in a future release. (SQL State: HY000 - Error Code: 1681)
2025-07-01T23:49:10.819Z  WARN 8 --- [main] o.f.c.i.s.DefaultSqlScriptExecutor       : DB: 'utf8mb3' is deprecated and will be removed in a future release. Please use utf8mb4 instead (SQL State: HY000 - Error Code: 1287)
2025-07-01T23:49:10.842Z  WARN 8 --- [main] o.f.c.i.s.DefaultSqlScriptExecutor       : DB: Integer display width is deprecated and will be removed in a future release. (SQL State: HY000 - Error Code: 1681)
2025-07-01T23:49:10.843Z  WARN 8 --- [main] o.f.c.i.s.DefaultSqlScriptExecutor       : DB: Integer display width is deprecated and will be removed in a future release. (SQL State: HY000 - Error Code: 1681)
2025-07-01T23:49:10.844Z  WARN 8 --- [main] o.f.c.i.s.DefaultSqlScriptExecutor       : DB: 'utf8mb3' is deprecated and will be removed in a future release. Please use utf8mb4 instead (SQL State: HY000 - Error Code: 1287)
2025-07-01T23:49:10.866Z  WARN 8 --- [main] o.f.c.i.s.DefaultSqlScriptExecutor       : DB: Integer display width is deprecated and will be removed in a future release. (SQL State: HY000 - Error Code: 1681)
2025-07-01T23:49:10.867Z  WARN 8 --- [main] o.f.c.i.s.DefaultSqlScriptExecutor       : DB: Integer display width is deprecated and will be removed in a future release. (SQL State: HY000 - Error Code: 1681)
2025-07-01T23:49:10.868Z  WARN 8 --- [main] o.f.c.i.s.DefaultSqlScriptExecutor       : DB: 'utf8mb3' is deprecated and will be removed in a future release. Please use utf8mb4 instead (SQL State: HY000 - Error Code: 1287)
2025-07-01T23:49:10.897Z  INFO 8 --- [main] o.f.core.internal.command.DbMigrate      : Migrating schema `dadossocioambientais` to version "002 - relacionamentos"
2025-07-01T23:49:11.875Z  INFO 8 --- [main] o.f.core.internal.command.DbMigrate      : Migrating schema `dadossocioambientais` to version "003 - insere dados"
2025-07-01T23:49:11.917Z  INFO 8 --- [main] o.f.core.internal.command.DbMigrate      : Migrating schema `dadossocioambientais` to version "004 - clientes"
2025-07-01T23:49:11.937Z  WARN 8 --- [main] o.f.c.i.s.DefaultSqlScriptExecutor       : DB: Integer display width is deprecated and will be removed in a future release. (SQL State: HY000 - Error Code: 1681)
2025-07-01T23:49:11.938Z  WARN 8 --- [main] o.f.c.i.s.DefaultSqlScriptExecutor       : DB: 'utf8' is currently an alias for the character set UTF8MB3, but will be an alias for UTF8MB4 in a future release. Please consider using UTF8MB4 in order to be unambiguous. (SQL State: HY000 - Error Code: 3719)
2025-07-01T23:49:11.958Z  INFO 8 --- [main] o.f.core.internal.command.DbMigrate      : Migrating schema `dadossocioambientais` to version "005 - clientes insert"
2025-07-01T23:49:11.980Z  INFO 8 --- [main] o.f.core.internal.command.DbMigrate      : Successfully applied 5 migrations to schema `dadossocioambientais`, now at version v005 (execution time 00:01.683s)
2025-07-01T23:49:12.252Z  INFO 8 --- [main] SQL dialect                              : HHH000400: Using dialect: org.hibernate.dialect.MySQL8Dialect
2025-07-01T23:49:12.945Z  INFO 8 --- [main] j.LocalContainerEntityManagerFactoryBean : Initialized JPA EntityManagerFactory for persistence unit 'default'
2025-07-01T23:49:13.671Z  WARN 8 --- [main] JpaBaseConfiguration$JpaWebConfiguration : spring.jpa.open-in-view is enabled by default. Therefore, database queries may be performed during view rendering. Explicitly configure spring.jpa.open-in-view to disable this warning
2025-07-01T23:49:13.914Z  INFO 8 --- [main] o.s.s.web.DefaultSecurityFilterChain     : Will secure org.springframework.security.oauth2.server.authorization.config.annotation.web.configurers.OAuth2AuthorizationServerConfigurer$$Lambda/0x000000003870e7a0@6c8efde4 with [org.springframework.security.web.session.DisableEncodeUrlFilter@24e5389c, org.springframework.security.web.context.request.async.WebAsyncManagerIntegrationFilter@3b170235, org.springframework.security.web.context.SecurityContextHolderFilter@5f193335, org.springframework.security.oauth2.server.authorization.config.annotation.web.configurers.AuthorizationServerContextFilter@7c0df4ab, org.springframework.security.web.header.HeaderWriterFilter@133aacbe, org.springframework.security.web.csrf.CsrfFilter@4ea1aa52, org.springframework.security.web.authentication.logout.LogoutFilter@68aec50, org.springframework.security.oauth2.server.authorization.web.OAuth2AuthorizationServerMetadataEndpointFilter@63917fe1, org.springframework.security.oauth2.server.authorization.web.OAuth2AuthorizationEndpointFilter@49b89425, org.springframework.security.oauth2.server.authorization.web.NimbusJwkSetEndpointFilter@17fbfb02, org.springframework.security.oauth2.server.authorization.web.OAuth2ClientAuthenticationFilter@23ad2d17, org.springframework.security.web.authentication.UsernamePasswordAuthenticationFilter@5463f035, org.springframework.security.web.savedrequest.RequestCacheAwareFilter@1ec88aa1, org.springframework.security.web.servletapi.SecurityContextHolderAwareRequestFilter@3e6748ae, org.springframework.security.web.authentication.AnonymousAuthenticationFilter@5e9bf744, org.springframework.security.web.access.ExceptionTranslationFilter@3dfd7eaa, org.springframework.security.web.access.intercept.AuthorizationFilter@e0d1dc4, org.springframework.security.oauth2.server.authorization.web.OAuth2TokenEndpointFilter@18c880ea, org.springframework.security.oauth2.server.authorization.web.OAuth2TokenIntrospectionEndpointFilter@716f94c1, org.springframework.security.oauth2.server.authorization.web.OAuth2TokenRevocationEndpointFilter@3915e7c3]
2025-07-01T23:49:14.140Z  INFO 8 --- [main] o.s.s.web.DefaultSecurityFilterChain     : Will secure any request with [org.springframework.security.web.session.DisableEncodeUrlFilter@1a497286, org.springframework.security.web.context.request.async.WebAsyncManagerIntegrationFilter@48dff674, org.springframework.security.web.context.SecurityContextHolderFilter@714e861f, org.springframework.security.web.header.HeaderWriterFilter@6c8f4bc7, org.springframework.web.filter.CorsFilter@120350eb, org.springframework.security.web.authentication.logout.LogoutFilter@7d66a126, org.springframework.security.web.authentication.UsernamePasswordAuthenticationFilter@1132baa3, org.springframework.security.oauth2.server.resource.web.authentication.BearerTokenAuthenticationFilter@541d4d9f, org.springframework.security.web.savedrequest.RequestCacheAwareFilter@28989415, org.springframework.security.web.servletapi.SecurityContextHolderAwareRequestFilter@6eda012b, org.springframework.security.web.authentication.AnonymousAuthenticationFilter@2ccc9681, org.springframework.security.web.access.ExceptionTranslationFilter@4861cca9]
2025-07-01T23:49:14.369Z  INFO 8 --- [main] o.s.b.w.embedded.tomcat.TomcatWebServer  : Tomcat started on port(s): 8080 (http) with context path ''
2025-07-01T23:49:14.382Z  INFO 8 --- [main] .p.i.d.DadoseconomicossociaisApplication : Started DadoseconomicossociaisApplication in 7.087 seconds (process running for 7.602)
